0 info it worked if it ends with ok
1 verbose cli [ 'C:\\Program Files\\nodejs\\node.exe',
1 verbose cli   'C:\\Users\\fadi_\\AppData\\Roaming\\npm\\node_modules\\npm\\bin\\npm-cli.js',
1 verbose cli   'start' ]
2 info using npm@3.5.2
3 info using node@v5.1.0
4 verbose run-script [ 'prestart', 'start', 'poststart' ]
5 info lifecycle angular1-typescript-systemjs@1.0.0~prestart: angular1-typescript-systemjs@1.0.0
6 silly lifecycle angular1-typescript-systemjs@1.0.0~prestart: no script for prestart, continuing
7 info lifecycle angular1-typescript-systemjs@1.0.0~start: angular1-typescript-systemjs@1.0.0
8 verbose lifecycle angular1-typescript-systemjs@1.0.0~start: unsafe-perm in lifecycle true
9 verbose lifecycle angular1-typescript-systemjs@1.0.0~start: PATH: C:\Users\fadi_\AppData\Roaming\npm\node_modules\npm\bin\node-gyp-bin;E:\Wateen\Workspace\angular1-typescript-systemjs\node_modules\.bin;C:\Program Files\PHP\v5.3;C:\ProgramData\Oracle\Java\javapath;C:\Windows\system32;C:\Windows;C:\Windows\System32\Wbem;C:\Windows\System32\WindowsPowerShell\v1.0\;C:\Program Files\Microsoft SQL Server\120\Tools\Binn\;C:\Program Files (x86)\Git\cmd;C:\Program Files (x86)\Skype\Phone\;C:\tools\gittfs;C:\Ruby22-x64\bin;C:\Users\fadi_\.dnx\bin;C:\ProgramData\chocolatey\bin;C:\Program Files (x86)\Microsoft VS Code\bin;C:\Program Files\Git\cmd;C:\phantomjs\bin;C:\Program Files\MongoDB\Server\3.0\bin;C:\Program Files\Microsoft SQL Server\Client SDK\ODBC\110\Tools\Binn\;C:\Program Files (x86)\Microsoft SQL Server\120\Tools\Binn\ManagementStudio\;C:\Program Files (x86)\Microsoft SQL Server\120\Tools\Binn\;C:\Program Files (x86)\Microsoft SQL Server\120\DTS\Binn\;C:\Program Files\Microsoft SQL Server\120\DTS\Binn\;C:\cmder;C:\Program Files (x86)\Windows Kits\10\bin\x64;C:\WINDOWS\system32;C:\WINDOWS;C:\WINDOWS\System32\Wbem;C:\WINDOWS\System32\WindowsPowerShell\v1.0\;C:\Program Files\Microsoft DNX\Dnvm\;C:\Users\fadi_\AppData\Roaming\npm;C:\Program Files\nodejs\;C:\Program Files (x86)\Windows Kits\10\Windows Performance Toolkit\;C:\Program Files (x86)\Microsoft Emulator Manager\1.0\;C:\Users\fadi_\.dnx\runtimes\dnx-clr-win-x64.1.0.0-rc1-final\bin;C:\Python27
10 verbose lifecycle angular1-typescript-systemjs@1.0.0~start: CWD: E:\Wateen\Workspace\angular1-typescript-systemjs
11 silly lifecycle angular1-typescript-systemjs@1.0.0~start: Args: [ '/d /s /c', 'concurrent "npm run tsc:w" "npm run lite" ' ]
12 silly lifecycle angular1-typescript-systemjs@1.0.0~start: Returned: code: 1  signal: null
13 info lifecycle angular1-typescript-systemjs@1.0.0~start: Failed to exec start script
14 verbose stack Error: angular1-typescript-systemjs@1.0.0 start: `concurrent "npm run tsc:w" "npm run lite" `
14 verbose stack Exit status 1
14 verbose stack     at EventEmitter.<anonymous> (C:\Users\fadi_\AppData\Roaming\npm\node_modules\npm\lib\utils\lifecycle.js:232:16)
14 verbose stack     at emitTwo (events.js:87:13)
14 verbose stack     at EventEmitter.emit (events.js:172:7)
14 verbose stack     at ChildProcess.<anonymous> (C:\Users\fadi_\AppData\Roaming\npm\node_modules\npm\lib\utils\spawn.js:24:14)
14 verbose stack     at emitTwo (events.js:87:13)
14 verbose stack     at ChildProcess.emit (events.js:172:7)
14 verbose stack     at maybeClose (internal/child_process.js:818:16)
14 verbose stack     at Process.ChildProcess._handle.onexit (internal/child_process.js:211:5)
15 verbose pkgid angular1-typescript-systemjs@1.0.0
16 verbose cwd E:\Wateen\Workspace\angular1-typescript-systemjs
17 error Windows_NT 10.0.10586
18 error argv "C:\\Program Files\\nodejs\\node.exe" "C:\\Users\\fadi_\\AppData\\Roaming\\npm\\node_modules\\npm\\bin\\npm-cli.js" "start"
19 error node v5.1.0
20 error npm  v3.5.2
21 error code ELIFECYCLE
22 error angular1-typescript-systemjs@1.0.0 start: `concurrent "npm run tsc:w" "npm run lite" `
22 error Exit status 1
23 error Failed at the angular1-typescript-systemjs@1.0.0 start script 'concurrent "npm run tsc:w" "npm run lite" '.
23 error Make sure you have the latest version of node.js and npm installed.
23 error If you do, this is most likely a problem with the angular1-typescript-systemjs package,
23 error not with npm itself.
23 error Tell the author that this fails on your system:
23 error     concurrent "npm run tsc:w" "npm run lite"
23 error You can get information on how to open an issue for this project with:
23 error     npm bugs angular1-typescript-systemjs
23 error Or if that isn't available, you can get their info via:
23 error     npm owner ls angular1-typescript-systemjs
23 error There is likely additional logging output above.
24 verbose exit [ 1, true ]
